<?xml version="1.0" encoding="UTF-8"?>
<!-- Generated by org.testng.reporters.JUnitReportReporter -->
<testsuite hostname="DESKTOP-73T78UR" failures="0" tests="1" name="Academy.validateNavigation" time="4.143" errors="0" timestamp="2021-05-22T17:15:07 MST" skipped="0">
  <testcase classname="Academy.validateNavigation" name="basePageNavigation" time="4.143"/>
  <system-out/>
</testsuite> <!-- Academy.validateNavigation -->
